{"C:\\Users\\RAMAGIRI NIHAL\\Desktop\\Stencil demo storybook\\stencil-demo\\packages\\stencil\\src\\components\\dropdown-component\\dropdown-component.tsx": {"path":"C:\\Users\\RAMAGIRI NIHAL\\Desktop\\Stencil demo storybook\\stencil-demo\\packages\\stencil\\src\\components\\dropdown-component\\dropdown-component.tsx","statementMap":{"0":{"start":{"line":1,"column":0},"end":{"line":1,"column":72}},"1":{"start":{"line":9,"column":26},"end":{"line":9,"column":null}},"2":{"start":{"line":10,"column":25},"end":{"line":10,"column":null}},"3":{"start":{"line":17,"column":26},"end":{"line":17,"column":59}},"4":{"start":{"line":18,"column":4},"end":{"line":18,"column":47}},"5":{"start":{"line":21,"column":4},"end":{"line":32,"column":6}},"6":{"start":{"line":24,"column":69},"end":{"line":24,"column":93}},"7":{"start":{"line":26,"column":10},"end":{"line":27,"column":null}},"8":{"start":{"line":3,"column":0},"end":{"line":3,"column":null}}},"fnMap":{"0":{"name":"(anonymous_1)","decl":{"start":{"line":16,"column":10},"end":{"line":16,"column":22}},"loc":{"start":{"line":16,"column":35},"end":{"line":19,"column":3}}},"1":{"name":"(anonymous_2)","decl":{"start":{"line":20,"column":2},"end":{"line":20,"column":8}},"loc":{"start":{"line":20,"column":8},"end":{"line":33,"column":3}}},"2":{"name":"(anonymous_3)","decl":{"start":{"line":24,"column":58},"end":{"line":24,"column":59}},"loc":{"start":{"line":24,"column":69},"end":{"line":24,"column":93}}},"3":{"name":"(anonymous_4)","decl":{"start":{"line":25,"column":27},"end":{"line":25,"column":33}},"loc":{"start":{"line":26,"column":10},"end":{"line":27,"column":null}}}},"branchMap":{"0":{"loc":{"start":{"line":25,"column":9},"end":{"line":29,"column":10}},"type":"cond-expr","locations":[{"start":{"line":25,"column":21},"end":{"line":25,"column":23}},{"start":{"line":25,"column":21},"end":{"line":29,"column":10}}]},"1":{"loc":{"start":{"line":25,"column":9},"end":{"line":25,"column":23}},"type":"binary-expr","locations":[{"start":{"line":25,"column":9},"end":{"line":25,"column":23}},{"start":{"line":25,"column":21},"end":{"line":25,"column":23}}]}},"s":{"0":1,"1":1,"2":1,"3":0,"4":0,"5":1,"6":0,"7":0,"8":1},"f":{"0":0,"1":1,"2":0,"3":0},"b":{"0":[1,0],"1":[1,1]}}
,"C:\\Users\\RAMAGIRI NIHAL\\Desktop\\Stencil demo storybook\\stencil-demo\\packages\\stencil\\src\\components\\employee-dialog\\employee-dialog.tsx": {"path":"C:\\Users\\RAMAGIRI NIHAL\\Desktop\\Stencil demo storybook\\stencil-demo\\packages\\stencil\\src\\components\\employee-dialog\\employee-dialog.tsx","statementMap":{"0":{"start":{"line":1,"column":0},"end":{"line":1,"column":72}},"1":{"start":{"line":13,"column":2},"end":{"line":16,"column":null}},"2":{"start":{"line":14,"column":4},"end":{"line":14,"column":24}},"3":{"start":{"line":15,"column":4},"end":{"line":15,"column":47}},"4":{"start":{"line":10,"column":30},"end":{"line":10,"column":null}},"5":{"start":{"line":11,"column":28},"end":{"line":11,"column":null}},"6":{"start":{"line":19,"column":4},"end":{"line":19,"column":null}},"7":{"start":{"line":23,"column":4},"end":{"line":37,"column":6}},"8":{"start":{"line":3,"column":0},"end":{"line":3,"column":null}}},"fnMap":{"0":{"name":"(anonymous_1)","decl":{"start":{"line":13,"column":16},"end":{"line":13,"column":19}},"loc":{"start":{"line":13,"column":21},"end":{"line":16,"column":3}}},"1":{"name":"(anonymous_2)","decl":{"start":{"line":18,"column":2},"end":{"line":18,"column":19}},"loc":{"start":{"line":18,"column":19},"end":{"line":20,"column":3}}},"2":{"name":"(anonymous_3)","decl":{"start":{"line":22,"column":2},"end":{"line":22,"column":8}},"loc":{"start":{"line":22,"column":8},"end":{"line":38,"column":3}}}},"branchMap":{"0":{"loc":{"start":{"line":24,"column":28},"end":{"line":24,"column":53}},"type":"cond-expr","locations":[{"start":{"line":24,"column":42},"end":{"line":24,"column":48}},{"start":{"line":24,"column":51},"end":{"line":24,"column":53}}]}},"s":{"0":1,"1":1,"2":0,"3":0,"4":1,"5":1,"6":1,"7":1,"8":1},"f":{"0":0,"1":1,"2":1},"b":{"0":[0,1]}}
,"C:\\Users\\RAMAGIRI NIHAL\\Desktop\\Stencil demo storybook\\stencil-demo\\packages\\stencil\\src\\components\\employer-form-component\\employer-form-component.tsx": {"path":"C:\\Users\\RAMAGIRI NIHAL\\Desktop\\Stencil demo storybook\\stencil-demo\\packages\\stencil\\src\\components\\employer-form-component\\employer-form-component.tsx","statementMap":{"0":{"start":{"line":1,"column":0},"end":{"line":1,"column":52}},"1":{"start":{"line":9,"column":38},"end":{"line":9,"column":null}},"2":{"start":{"line":12,"column":4},"end":{"line":16,"column":6}},"3":{"start":{"line":3,"column":0},"end":{"line":3,"column":null}}},"fnMap":{"0":{"name":"(anonymous_1)","decl":{"start":{"line":11,"column":2},"end":{"line":11,"column":8}},"loc":{"start":{"line":11,"column":8},"end":{"line":17,"column":3}}}},"branchMap":{},"s":{"0":1,"1":1,"2":1,"3":1},"f":{"0":1},"b":{}}
,"C:\\Users\\RAMAGIRI NIHAL\\Desktop\\Stencil demo storybook\\stencil-demo\\packages\\stencil\\src\\components\\employer-table\\employer-table.tsx": {"path":"C:\\Users\\RAMAGIRI NIHAL\\Desktop\\Stencil demo storybook\\stencil-demo\\packages\\stencil\\src\\components\\employer-table\\employer-table.tsx","statementMap":{"0":{"start":{"line":1,"column":0},"end":{"line":1,"column":52}},"1":{"start":{"line":2,"column":0},"end":{"line":2,"column":54}},"2":{"start":{"line":10,"column":33},"end":{"line":10,"column":null}},"3":{"start":{"line":14,"column":4},"end":{"line":14,"column":61}},"4":{"start":{"line":18,"column":4},"end":{"line":22,"column":6}},"5":{"start":{"line":4,"column":0},"end":{"line":4,"column":null}}},"fnMap":{"0":{"name":"(anonymous_1)","decl":{"start":{"line":13,"column":2},"end":{"line":13,"column":7}},"loc":{"start":{"line":13,"column":25},"end":{"line":15,"column":3}}},"1":{"name":"(anonymous_2)","decl":{"start":{"line":17,"column":2},"end":{"line":17,"column":8}},"loc":{"start":{"line":17,"column":8},"end":{"line":23,"column":3}}}},"branchMap":{},"s":{"0":1,"1":1,"2":1,"3":1,"4":1,"5":1},"f":{"0":1,"1":1},"b":{}}
,"C:\\Users\\RAMAGIRI NIHAL\\Desktop\\Stencil demo storybook\\stencil-demo\\packages\\stencil\\src\\components\\form-component\\form-component.tsx": {"path":"C:\\Users\\RAMAGIRI NIHAL\\Desktop\\Stencil demo storybook\\stencil-demo\\packages\\stencil\\src\\components\\form-component\\form-component.tsx","statementMap":{"0":{"start":{"line":1,"column":0},"end":{"line":1,"column":73}},"1":{"start":{"line":2,"column":0},"end":{"line":2,"column":54}},"2":{"start":{"line":46,"column":2},"end":{"line":60,"column":4}},"3":{"start":{"line":47,"column":4},"end":{"line":47,"column":27}},"4":{"start":{"line":48,"column":24},"end":{"line":54,"column":6}},"5":{"start":{"line":55,"column":4},"end":{"line":55,"column":53}},"6":{"start":{"line":56,"column":4},"end":{"line":56,"column":46}},"7":{"start":{"line":57,"column":4},"end":{"line":57,"column":60}},"8":{"start":{"line":58,"column":4},"end":{"line":58,"column":50}},"9":{"start":{"line":59,"column":4},"end":{"line":59,"column":21}},"10":{"start":{"line":11,"column":26},"end":{"line":11,"column":null}},"11":{"start":{"line":12,"column":24},"end":{"line":12,"column":null}},"12":{"start":{"line":13,"column":35},"end":{"line":13,"column":null}},"13":{"start":{"line":14,"column":33},"end":{"line":14,"column":null}},"14":{"start":{"line":15,"column":38},"end":{"line":15,"column":null}},"15":{"start":{"line":16,"column":34},"end":{"line":16,"column":null}},"16":{"start":{"line":17,"column":36},"end":{"line":17,"column":null}},"17":{"start":{"line":20,"column":4},"end":{"line":20,"column":33}},"18":{"start":{"line":24,"column":4},"end":{"line":24,"column":19}},"19":{"start":{"line":25,"column":4},"end":{"line":25,"column":27}},"20":{"start":{"line":26,"column":4},"end":{"line":26,"column":19}},"21":{"start":{"line":27,"column":4},"end":{"line":27,"column":23}},"22":{"start":{"line":28,"column":4},"end":{"line":28,"column":26}},"23":{"start":{"line":32,"column":4},"end":{"line":42,"column":5}},"24":{"start":{"line":33,"column":6},"end":{"line":33,"column":53}},"25":{"start":{"line":34,"column":11},"end":{"line":42,"column":5}},"26":{"start":{"line":35,"column":6},"end":{"line":35,"column":24}},"27":{"start":{"line":36,"column":12},"end":{"line":42,"column":5}},"28":{"start":{"line":37,"column":6},"end":{"line":37,"column":32}},"29":{"start":{"line":38,"column":11},"end":{"line":42,"column":5}},"30":{"start":{"line":39,"column":6},"end":{"line":39,"column":22}},"31":{"start":{"line":40,"column":11},"end":{"line":42,"column":5}},"32":{"start":{"line":41,"column":6},"end":{"line":41,"column":31}},"33":{"start":{"line":63,"column":4},"end":{"line":63,"column":57}},"34":{"start":{"line":64,"column":4},"end":{"line":92,"column":6}},"35":{"start":{"line":68,"column":114},"end":{"line":68,"column":143}},"36":{"start":{"line":70,"column":108},"end":{"line":70,"column":137}},"37":{"start":{"line":77,"column":51},"end":{"line":77,"column":87}},"38":{"start":{"line":85,"column":37},"end":{"line":85,"column":66}},"39":{"start":{"line":88,"column":127},"end":{"line":88,"column":156}},"40":{"start":{"line":4,"column":0},"end":{"line":4,"column":null}}},"fnMap":{"0":{"name":"(anonymous_1)","decl":{"start":{"line":46,"column":17},"end":{"line":46,"column":18}},"loc":{"start":{"line":46,"column":34},"end":{"line":60,"column":3}}},"1":{"name":"(anonymous_2)","decl":{"start":{"line":19,"column":10},"end":{"line":19,"column":27}},"loc":{"start":{"line":19,"column":44},"end":{"line":21,"column":3}}},"2":{"name":"(anonymous_3)","decl":{"start":{"line":23,"column":2},"end":{"line":23,"column":11}},"loc":{"start":{"line":23,"column":11},"end":{"line":29,"column":3}}},"3":{"name":"(anonymous_4)","decl":{"start":{"line":31,"column":2},"end":{"line":31,"column":19}},"loc":{"start":{"line":31,"column":52},"end":{"line":44,"column":3}}},"4":{"name":"(anonymous_5)","decl":{"start":{"line":62,"column":2},"end":{"line":62,"column":8}},"loc":{"start":{"line":62,"column":8},"end":{"line":93,"column":3}}},"5":{"name":"(anonymous_6)","decl":{"start":{"line":68,"column":105},"end":{"line":68,"column":110}},"loc":{"start":{"line":68,"column":114},"end":{"line":68,"column":143}}},"6":{"name":"(anonymous_7)","decl":{"start":{"line":70,"column":99},"end":{"line":70,"column":104}},"loc":{"start":{"line":70,"column":108},"end":{"line":70,"column":137}}},"7":{"name":"(anonymous_8)","decl":{"start":{"line":77,"column":27},"end":{"line":77,"column":28}},"loc":{"start":{"line":77,"column":51},"end":{"line":77,"column":87}}},"8":{"name":"(anonymous_9)","decl":{"start":{"line":85,"column":28},"end":{"line":85,"column":33}},"loc":{"start":{"line":85,"column":37},"end":{"line":85,"column":66}}},"9":{"name":"(anonymous_10)","decl":{"start":{"line":88,"column":118},"end":{"line":88,"column":123}},"loc":{"start":{"line":88,"column":127},"end":{"line":88,"column":156}}}},"branchMap":{"0":{"loc":{"start":{"line":32,"column":4},"end":{"line":42,"column":5}},"type":"if","locations":[{"start":{"line":32,"column":4},"end":{"line":42,"column":5}},{"start":{"line":34,"column":11},"end":{"line":42,"column":5}}]},"1":{"loc":{"start":{"line":33,"column":20},"end":{"line":33,"column":52}},"type":"cond-expr","locations":[{"start":{"line":33,"column":28},"end":{"line":33,"column":45}},{"start":{"line":33,"column":48},"end":{"line":33,"column":52}}]},"2":{"loc":{"start":{"line":34,"column":11},"end":{"line":42,"column":5}},"type":"if","locations":[{"start":{"line":34,"column":11},"end":{"line":42,"column":5}},{"start":{"line":36,"column":12},"end":{"line":42,"column":5}}]},"3":{"loc":{"start":{"line":36,"column":12},"end":{"line":42,"column":5}},"type":"if","locations":[{"start":{"line":36,"column":12},"end":{"line":42,"column":5}},{"start":{"line":38,"column":11},"end":{"line":42,"column":5}}]},"4":{"loc":{"start":{"line":38,"column":11},"end":{"line":42,"column":5}},"type":"if","locations":[{"start":{"line":38,"column":11},"end":{"line":42,"column":5}},{"start":{"line":40,"column":11},"end":{"line":42,"column":5}}]},"5":{"loc":{"start":{"line":40,"column":11},"end":{"line":42,"column":5}},"type":"if","locations":[{"start":{"line":40,"column":11},"end":{"line":42,"column":5}}]},"6":{"loc":{"start":{"line":84,"column":19},"end":{"line":84,"column":48}},"type":"binary-expr","locations":[{"start":{"line":84,"column":19},"end":{"line":84,"column":42}},{"start":{"line":84,"column":46},"end":{"line":84,"column":48}}]},"7":{"loc":{"start":{"line":84,"column":19},"end":{"line":84,"column":42}},"type":"cond-expr","locations":[{"start":{"line":84,"column":30},"end":{"line":84,"column":32}},{"start":{"line":84,"column":30},"end":{"line":84,"column":42}}]},"8":{"loc":{"start":{"line":84,"column":19},"end":{"line":84,"column":32}},"type":"binary-expr","locations":[{"start":{"line":84,"column":19},"end":{"line":84,"column":32}},{"start":{"line":84,"column":30},"end":{"line":84,"column":32}}]}},"s":{"0":1,"1":1,"2":1,"3":0,"4":0,"5":0,"6":0,"7":0,"8":0,"9":0,"10":1,"11":1,"12":1,"13":1,"14":1,"15":1,"16":1,"17":0,"18":0,"19":0,"20":0,"21":0,"22":0,"23":0,"24":0,"25":0,"26":0,"27":0,"28":0,"29":0,"30":0,"31":0,"32":0,"33":1,"34":1,"35":0,"36":0,"37":0,"38":0,"39":0,"40":1},"f":{"0":0,"1":0,"2":0,"3":0,"4":1,"5":0,"6":0,"7":0,"8":0,"9":0},"b":{"0":[0,0],"1":[0,0],"2":[0,0],"3":[0,0],"4":[0,0],"5":[0],"6":[1,1],"7":[1,0],"8":[1,0]}}
,"C:\\Users\\RAMAGIRI NIHAL\\Desktop\\Stencil demo storybook\\stencil-demo\\packages\\stencil\\src\\components\\input-element\\input-element.tsx": {"path":"C:\\Users\\RAMAGIRI NIHAL\\Desktop\\Stencil demo storybook\\stencil-demo\\packages\\stencil\\src\\components\\input-element\\input-element.tsx","statementMap":{"0":{"start":{"line":1,"column":0},"end":{"line":1,"column":72}},"1":{"start":{"line":17,"column":19},"end":{"line":17,"column":51}},"2":{"start":{"line":18,"column":4},"end":{"line":18,"column":71}},"3":{"start":{"line":21,"column":4},"end":{"line":32,"column":6}},"4":{"start":{"line":28,"column":34},"end":{"line":28,"column":57}},"5":{"start":{"line":3,"column":0},"end":{"line":3,"column":null}}},"fnMap":{"0":{"name":"(anonymous_1)","decl":{"start":{"line":16,"column":2},"end":{"line":16,"column":13}},"loc":{"start":{"line":16,"column":26},"end":{"line":19,"column":3}}},"1":{"name":"(anonymous_2)","decl":{"start":{"line":20,"column":2},"end":{"line":20,"column":8}},"loc":{"start":{"line":20,"column":8},"end":{"line":33,"column":3}}},"2":{"name":"(anonymous_3)","decl":{"start":{"line":28,"column":23},"end":{"line":28,"column":24}},"loc":{"start":{"line":28,"column":34},"end":{"line":28,"column":57}}}},"branchMap":{},"s":{"0":1,"1":1,"2":1,"3":3,"4":1,"5":1},"f":{"0":1,"1":3,"2":1},"b":{}}
,"C:\\Users\\RAMAGIRI NIHAL\\Desktop\\Stencil demo storybook\\stencil-demo\\packages\\stencil\\src\\components\\my-component\\my-component.tsx": {"path":"C:\\Users\\RAMAGIRI NIHAL\\Desktop\\Stencil demo storybook\\stencil-demo\\packages\\stencil\\src\\components\\my-component\\my-component.tsx","statementMap":{"0":{"start":{"line":1,"column":0},"end":{"line":1,"column":51}},"1":{"start":{"line":2,"column":0},"end":{"line":2,"column":43}},"2":{"start":{"line":26,"column":4},"end":{"line":26,"column":54}},"3":{"start":{"line":30,"column":4},"end":{"line":30,"column":90}},"4":{"start":{"line":31,"column":4},"end":{"line":35,"column":null}},"5":{"start":{"line":4,"column":0},"end":{"line":4,"column":null}}},"fnMap":{"0":{"name":"(anonymous_1)","decl":{"start":{"line":25,"column":10},"end":{"line":25,"column":17}},"loc":{"start":{"line":25,"column":17},"end":{"line":27,"column":3}}},"1":{"name":"(anonymous_2)","decl":{"start":{"line":29,"column":2},"end":{"line":29,"column":8}},"loc":{"start":{"line":29,"column":8},"end":{"line":36,"column":3}}}},"branchMap":{},"s":{"0":1,"1":1,"2":3,"3":3,"4":3,"5":1},"f":{"0":3,"1":3},"b":{}}
,"C:\\Users\\RAMAGIRI NIHAL\\Desktop\\Stencil demo storybook\\stencil-demo\\packages\\stencil\\src\\components\\table-component\\table-component.tsx": {"path":"C:\\Users\\RAMAGIRI NIHAL\\Desktop\\Stencil demo storybook\\stencil-demo\\packages\\stencil\\src\\components\\table-component\\table-component.tsx","statementMap":{"0":{"start":{"line":1,"column":0},"end":{"line":1,"column":66}},"1":{"start":{"line":2,"column":0},"end":{"line":2,"column":54}},"2":{"start":{"line":17,"column":2},"end":{"line":21,"column":null}},"3":{"start":{"line":18,"column":4},"end":{"line":18,"column":64}},"4":{"start":{"line":19,"column":4},"end":{"line":19,"column":null}},"5":{"start":{"line":20,"column":4},"end":{"line":20,"column":29}},"6":{"start":{"line":29,"column":2},"end":{"line":31,"column":null}},"7":{"start":{"line":30,"column":4},"end":{"line":30,"column":61}},"8":{"start":{"line":33,"column":2},"end":{"line":36,"column":null}},"9":{"start":{"line":34,"column":4},"end":{"line":34,"column":43}},"10":{"start":{"line":35,"column":4},"end":{"line":35,"column":23}},"11":{"start":{"line":12,"column":32},"end":{"line":12,"column":null}},"12":{"start":{"line":13,"column":32},"end":{"line":13,"column":null}},"13":{"start":{"line":14,"column":31},"end":{"line":14,"column":null}},"14":{"start":{"line":15,"column":35},"end":{"line":15,"column":null}},"15":{"start":{"line":25,"column":4},"end":{"line":25,"column":37}},"16":{"start":{"line":26,"column":4},"end":{"line":26,"column":null}},"17":{"start":{"line":40,"column":4},"end":{"line":40,"column":null}},"18":{"start":{"line":41,"column":4},"end":{"line":89,"column":6}},"19":{"start":{"line":45,"column":35},"end":{"line":45,"column":53}},"20":{"start":{"line":67,"column":12},"end":{"line":79,"column":null}},"21":{"start":{"line":76,"column":45},"end":{"line":76,"column":75}},"22":{"start":{"line":77,"column":45},"end":{"line":77,"column":81}},"23":{"start":{"line":5,"column":0},"end":{"line":5,"column":null}}},"fnMap":{"0":{"name":"(anonymous_1)","decl":{"start":{"line":17,"column":13},"end":{"line":17,"column":18}},"loc":{"start":{"line":17,"column":31},"end":{"line":21,"column":3}}},"1":{"name":"(anonymous_2)","decl":{"start":{"line":29,"column":16},"end":{"line":29,"column":21}},"loc":{"start":{"line":29,"column":27},"end":{"line":31,"column":3}}},"2":{"name":"(anonymous_3)","decl":{"start":{"line":33,"column":19},"end":{"line":33,"column":24}},"loc":{"start":{"line":33,"column":40},"end":{"line":36,"column":3}}},"3":{"name":"(anonymous_4)","decl":{"start":{"line":24,"column":2},"end":{"line":24,"column":21}},"loc":{"start":{"line":24,"column":46},"end":{"line":27,"column":3}}},"4":{"name":"(anonymous_5)","decl":{"start":{"line":39,"column":2},"end":{"line":39,"column":8}},"loc":{"start":{"line":39,"column":8},"end":{"line":90,"column":3}}},"5":{"name":"(anonymous_6)","decl":{"start":{"line":45,"column":29},"end":{"line":45,"column":32}},"loc":{"start":{"line":45,"column":35},"end":{"line":45,"column":53}}},"6":{"name":"(anonymous_7)","decl":{"start":{"line":66,"column":33},"end":{"line":66,"column":34}},"loc":{"start":{"line":67,"column":12},"end":{"line":79,"column":null}}},"7":{"name":"(anonymous_8)","decl":{"start":{"line":76,"column":39},"end":{"line":76,"column":42}},"loc":{"start":{"line":76,"column":45},"end":{"line":76,"column":75}}},"8":{"name":"(anonymous_9)","decl":{"start":{"line":77,"column":39},"end":{"line":77,"column":42}},"loc":{"start":{"line":77,"column":45},"end":{"line":77,"column":81}}}},"branchMap":{"0":{"loc":{"start":{"line":43,"column":9},"end":{"line":46,"column":null}},"type":"binary-expr","locations":[{"start":{"line":43,"column":9},"end":{"line":43,"column":24}},{"start":{"line":44,"column":10},"end":{"line":45,"column":null}}]},"1":{"loc":{"start":{"line":57,"column":13},"end":{"line":61,"column":null}},"type":"binary-expr","locations":[{"start":{"line":57,"column":13},"end":{"line":57,"column":28}},{"start":{"line":58,"column":10},"end":{"line":60,"column":null}}]},"2":{"loc":{"start":{"line":71,"column":19},"end":{"line":71,"column":61}},"type":"cond-expr","locations":[{"start":{"line":71,"column":42},"end":{"line":71,"column":53}},{"start":{"line":71,"column":56},"end":{"line":71,"column":61}}]},"3":{"loc":{"start":{"line":74,"column":15},"end":{"line":78,"column":null}},"type":"binary-expr","locations":[{"start":{"line":74,"column":15},"end":{"line":74,"column":30}},{"start":{"line":75,"column":16},"end":{"line":77,"column":null}}]}},"s":{"0":1,"1":1,"2":2,"3":0,"4":0,"5":0,"6":2,"7":0,"8":2,"9":0,"10":0,"11":2,"12":2,"13":2,"14":2,"15":0,"16":0,"17":3,"18":3,"19":0,"20":2,"21":0,"22":0,"23":1},"f":{"0":0,"1":0,"2":0,"3":0,"4":3,"5":0,"6":2,"7":0,"8":0},"b":{"0":[3,0],"1":[3,0],"2":[2,0],"3":[2,0]}}
,"C:\\Users\\RAMAGIRI NIHAL\\Desktop\\Stencil demo storybook\\stencil-demo\\packages\\stencil\\src\\services\\my-service.ts": {"path":"C:\\Users\\RAMAGIRI NIHAL\\Desktop\\Stencil demo storybook\\stencil-demo\\packages\\stencil\\src\\services\\my-service.ts","statementMap":{"0":{"start":{"line":3,"column":4},"end":{"line":3,"column":42}},"1":{"start":{"line":8,"column":4},"end":{"line":20,"column":5}},"2":{"start":{"line":9,"column":23},"end":{"line":15,"column":8}},"3":{"start":{"line":16,"column":21},"end":{"line":16,"column":42}},"4":{"start":{"line":17,"column":6},"end":{"line":17,"column":null}},"5":{"start":{"line":19,"column":6},"end":{"line":19,"column":54}},"6":{"start":{"line":24,"column":4},"end":{"line":35,"column":5}},"7":{"start":{"line":25,"column":23},"end":{"line":30,"column":8}},"8":{"start":{"line":31,"column":21},"end":{"line":31,"column":42}},"9":{"start":{"line":32,"column":6},"end":{"line":32,"column":null}},"10":{"start":{"line":34,"column":6},"end":{"line":34,"column":54}},"11":{"start":{"line":39,"column":4},"end":{"line":51,"column":5}},"12":{"start":{"line":40,"column":23},"end":{"line":46,"column":8}},"13":{"start":{"line":47,"column":21},"end":{"line":47,"column":42}},"14":{"start":{"line":48,"column":6},"end":{"line":48,"column":null}},"15":{"start":{"line":50,"column":6},"end":{"line":50,"column":54}},"16":{"start":{"line":56,"column":4},"end":{"line":66,"column":5}},"17":{"start":{"line":57,"column":6},"end":{"line":62,"column":9}},"18":{"start":{"line":63,"column":6},"end":{"line":63,"column":34}},"19":{"start":{"line":65,"column":6},"end":{"line":65,"column":54}},"20":{"start":{"line":70,"column":4},"end":{"line":81,"column":7}},"21":{"start":{"line":71,"column":25},"end":{"line":76,"column":10}},"22":{"start":{"line":77,"column":23},"end":{"line":77,"column":44}},"23":{"start":{"line":78,"column":8},"end":{"line":78,"column":null}},"24":{"start":{"line":80,"column":8},"end":{"line":80,"column":56}},"25":{"start":{"line":2,"column":0},"end":{"line":2,"column":13}},"26":{"start":{"line":87,"column":13},"end":{"line":87,"column":51}}},"fnMap":{"0":{"name":"(anonymous_0)","decl":{"start":{"line":5,"column":2},"end":{"line":5,"column":17}},"loc":{"start":{"line":5,"column":2},"end":{"line":5,"column":18}}},"1":{"name":"(anonymous_1)","decl":{"start":{"line":7,"column":2},"end":{"line":7,"column":7}},"loc":{"start":{"line":7,"column":39},"end":{"line":21,"column":3}}},"2":{"name":"(anonymous_2)","decl":{"start":{"line":23,"column":2},"end":{"line":23,"column":7}},"loc":{"start":{"line":23,"column":26},"end":{"line":36,"column":3}}},"3":{"name":"(anonymous_3)","decl":{"start":{"line":38,"column":2},"end":{"line":38,"column":7}},"loc":{"start":{"line":38,"column":55},"end":{"line":52,"column":3}}},"4":{"name":"(anonymous_4)","decl":{"start":{"line":55,"column":2},"end":{"line":55,"column":7}},"loc":{"start":{"line":55,"column":37},"end":{"line":67,"column":3}}},"5":{"name":"(anonymous_5)","decl":{"start":{"line":69,"column":2},"end":{"line":69,"column":7}},"loc":{"start":{"line":69,"column":38},"end":{"line":82,"column":3}}}},"branchMap":{},"s":{"0":3,"1":0,"2":0,"3":0,"4":0,"5":0,"6":1,"7":1,"8":0,"9":0,"10":1,"11":0,"12":0,"13":0,"14":0,"15":0,"16":0,"17":0,"18":0,"19":0,"20":0,"21":0,"22":0,"23":0,"24":0,"25":3,"26":3},"f":{"0":3,"1":0,"2":1,"3":0,"4":0,"5":0},"b":{}}
,"C:\\Users\\RAMAGIRI NIHAL\\Desktop\\Stencil demo storybook\\stencil-demo\\packages\\stencil\\src\\utils\\utils.ts": {"path":"C:\\Users\\RAMAGIRI NIHAL\\Desktop\\Stencil demo storybook\\stencil-demo\\packages\\stencil\\src\\utils\\utils.ts","statementMap":{"0":{"start":{"line":1,"column":0},"end":{"line":1,"column":16}},"1":{"start":{"line":2,"column":2},"end":{"line":2,"column":81}}},"fnMap":{"0":{"name":"format","decl":{"start":{"line":1,"column":16},"end":{"line":1,"column":22}},"loc":{"start":{"line":1,"column":69},"end":{"line":3,"column":1}}}},"branchMap":{"0":{"loc":{"start":{"line":2,"column":10},"end":{"line":2,"column":21}},"type":"binary-expr","locations":[{"start":{"line":2,"column":10},"end":{"line":2,"column":15}},{"start":{"line":2,"column":19},"end":{"line":2,"column":21}}]},"1":{"loc":{"start":{"line":2,"column":26},"end":{"line":2,"column":52}},"type":"cond-expr","locations":[{"start":{"line":2,"column":35},"end":{"line":2,"column":47}},{"start":{"line":2,"column":50},"end":{"line":2,"column":52}}]},"2":{"loc":{"start":{"line":2,"column":57},"end":{"line":2,"column":79}},"type":"cond-expr","locations":[{"start":{"line":2,"column":64},"end":{"line":2,"column":74}},{"start":{"line":2,"column":77},"end":{"line":2,"column":79}}]}},"s":{"0":2,"1":7},"f":{"0":7},"b":{"0":[7,2],"1":[2,5],"2":[4,3]}}
}
