TN:
SF:src\components\dropdown-component\dropdown-component.tsx
FN:16,(anonymous_1)
FN:20,(anonymous_2)
FN:24,(anonymous_3)
FN:25,(anonymous_4)
FNF:4
FNH:1
FNDA:0,(anonymous_1)
FNDA:1,(anonymous_2)
FNDA:0,(anonymous_3)
FNDA:0,(anonymous_4)
DA:1,1
DA:3,1
DA:9,1
DA:10,1
DA:17,0
DA:18,0
DA:21,1
DA:24,0
DA:26,0
LF:9
LH:5
BRDA:25,0,0,1
BRDA:25,0,1,0
BRDA:25,1,0,1
BRDA:25,1,1,1
BRF:4
BRH:3
end_of_record
TN:
SF:src\components\employee-dialog\employee-dialog.tsx
FN:13,(anonymous_1)
FN:18,(anonymous_2)
FN:22,(anonymous_3)
FNF:3
FNH:2
FNDA:0,(anonymous_1)
FNDA:1,(anonymous_2)
FNDA:1,(anonymous_3)
DA:1,1
DA:3,1
DA:10,1
DA:11,1
DA:13,1
DA:14,0
DA:15,0
DA:19,1
DA:23,1
LF:9
LH:7
BRDA:24,0,0,0
BRDA:24,0,1,1
BRF:2
BRH:1
end_of_record
TN:
SF:src\components\employer-form-component\employer-form-component.tsx
FN:11,(anonymous_1)
FNF:1
FNH:1
FNDA:1,(anonymous_1)
DA:1,1
DA:3,1
DA:9,1
DA:12,1
LF:4
LH:4
BRF:0
BRH:0
end_of_record
TN:
SF:src\components\employer-table\employer-table.tsx
FN:13,(anonymous_1)
FN:17,(anonymous_2)
FNF:2
FNH:2
FNDA:1,(anonymous_1)
FNDA:1,(anonymous_2)
DA:1,1
DA:2,1
DA:4,1
DA:10,1
DA:14,1
DA:18,1
LF:6
LH:6
BRF:0
BRH:0
end_of_record
TN:
SF:src\components\form-component\form-component.tsx
FN:46,(anonymous_1)
FN:19,(anonymous_2)
FN:23,(anonymous_3)
FN:31,(anonymous_4)
FN:62,(anonymous_5)
FN:68,(anonymous_6)
FN:70,(anonymous_7)
FN:77,(anonymous_8)
FN:85,(anonymous_9)
FN:88,(anonymous_10)
FNF:10
FNH:1
FNDA:0,(anonymous_1)
FNDA:0,(anonymous_2)
FNDA:0,(anonymous_3)
FNDA:0,(anonymous_4)
FNDA:1,(anonymous_5)
FNDA:0,(anonymous_6)
FNDA:0,(anonymous_7)
FNDA:0,(anonymous_8)
FNDA:0,(anonymous_9)
FNDA:0,(anonymous_10)
DA:1,1
DA:2,1
DA:4,1
DA:11,1
DA:12,1
DA:13,1
DA:14,1
DA:15,1
DA:16,1
DA:17,1
DA:20,0
DA:24,0
DA:25,0
DA:26,0
DA:27,0
DA:28,0
DA:32,0
DA:33,0
DA:34,0
DA:35,0
DA:36,0
DA:37,0
DA:38,0
DA:39,0
DA:40,0
DA:41,0
DA:46,1
DA:47,0
DA:48,0
DA:55,0
DA:56,0
DA:57,0
DA:58,0
DA:59,0
DA:63,1
DA:64,1
DA:68,0
DA:70,0
DA:77,0
DA:85,0
DA:88,0
LF:41
LH:13
BRDA:32,0,0,0
BRDA:32,0,1,0
BRDA:33,1,0,0
BRDA:33,1,1,0
BRDA:34,2,0,0
BRDA:34,2,1,0
BRDA:36,3,0,0
BRDA:36,3,1,0
BRDA:38,4,0,0
BRDA:38,4,1,0
BRDA:40,5,0,0
BRDA:84,6,0,1
BRDA:84,6,1,1
BRDA:84,7,0,1
BRDA:84,7,1,0
BRDA:84,8,0,1
BRDA:84,8,1,0
BRF:17
BRH:4
end_of_record
TN:
SF:src\components\input-element\input-element.tsx
FN:16,(anonymous_1)
FN:20,(anonymous_2)
FN:28,(anonymous_3)
FNF:3
FNH:3
FNDA:1,(anonymous_1)
FNDA:3,(anonymous_2)
FNDA:1,(anonymous_3)
DA:1,1
DA:3,1
DA:17,1
DA:18,1
DA:21,3
DA:28,1
LF:6
LH:6
BRF:0
BRH:0
end_of_record
TN:
SF:src\components\my-component\my-component.tsx
FN:25,(anonymous_1)
FN:29,(anonymous_2)
FNF:2
FNH:2
FNDA:3,(anonymous_1)
FNDA:3,(anonymous_2)
DA:1,1
DA:2,1
DA:4,1
DA:26,3
DA:30,3
DA:31,3
LF:6
LH:6
BRF:0
BRH:0
end_of_record
TN:
SF:src\components\table-component\table-component.tsx
FN:17,(anonymous_1)
FN:29,(anonymous_2)
FN:33,(anonymous_3)
FN:24,(anonymous_4)
FN:39,(anonymous_5)
FN:45,(anonymous_6)
FN:66,(anonymous_7)
FN:76,(anonymous_8)
FN:77,(anonymous_9)
FNF:9
FNH:2
FNDA:0,(anonymous_1)
FNDA:0,(anonymous_2)
FNDA:0,(anonymous_3)
FNDA:0,(anonymous_4)
FNDA:3,(anonymous_5)
FNDA:0,(anonymous_6)
FNDA:2,(anonymous_7)
FNDA:0,(anonymous_8)
FNDA:0,(anonymous_9)
DA:1,1
DA:2,1
DA:5,1
DA:12,2
DA:13,2
DA:14,2
DA:15,2
DA:17,2
DA:18,0
DA:19,0
DA:20,0
DA:25,0
DA:26,0
DA:29,2
DA:30,0
DA:33,2
DA:34,0
DA:35,0
DA:40,3
DA:41,3
DA:45,0
DA:67,2
DA:76,0
DA:77,0
LF:24
LH:13
BRDA:43,0,0,3
BRDA:43,0,1,0
BRDA:57,1,0,3
BRDA:57,1,1,0
BRDA:71,2,0,2
BRDA:71,2,1,0
BRDA:74,3,0,2
BRDA:74,3,1,0
BRF:8
BRH:4
end_of_record
TN:
SF:src\services\my-service.ts
FN:5,(anonymous_0)
FN:7,(anonymous_1)
FN:23,(anonymous_2)
FN:38,(anonymous_3)
FN:55,(anonymous_4)
FN:69,(anonymous_5)
FNF:6
FNH:2
FNDA:3,(anonymous_0)
FNDA:0,(anonymous_1)
FNDA:1,(anonymous_2)
FNDA:0,(anonymous_3)
FNDA:0,(anonymous_4)
FNDA:0,(anonymous_5)
DA:2,3
DA:3,3
DA:8,0
DA:9,0
DA:16,0
DA:17,0
DA:19,0
DA:24,1
DA:25,1
DA:31,0
DA:32,0
DA:34,1
DA:39,0
DA:40,0
DA:47,0
DA:48,0
DA:50,0
DA:56,0
DA:57,0
DA:63,0
DA:65,0
DA:70,0
DA:71,0
DA:77,0
DA:78,0
DA:80,0
DA:87,3
LF:27
LH:6
BRF:0
BRH:0
end_of_record
TN:
SF:src\utils\utils.ts
FN:1,format
FNF:1
FNH:1
FNDA:7,format
DA:1,2
DA:2,7
LF:2
LH:2
BRDA:2,0,0,7
BRDA:2,0,1,2
BRDA:2,1,0,2
BRDA:2,1,1,5
BRDA:2,2,0,4
BRDA:2,2,1,3
BRF:6
BRH:6
end_of_record
